<?xml version="1.0" encoding="UTF-8"?>
<!-- Generated by org.testng.reporters.JUnitReportReporter -->
<testsuite skipped="0" hostname="Julia" name="tests.Map" tests="2" failures="0" timestamp="22 мар 2018 15:22:12 GMT" time="33.813" errors="0">
  <testcase name="testMapWithoutRegistration" time="11.578" classname="tests.Map"/>
  <testcase name="testMapWithRegistration" time="22.235" classname="tests.Map"/>
</testsuite> <!-- tests.Map -->
