<?xml version="1.0" encoding="UTF-8"?>
<!-- Generated by org.testng.reporters.JUnitReportReporter -->
<testsuite skipped="0" hostname="Julia" name="Tests.TestLogIn2" tests="1" failures="0" timestamp="27 фев 2018 14:50:06 GMT" time="41.696" errors="0">
  <testcase name="testLogIn" time="41.696" classname="Tests.TestLogIn2"/>
</testsuite> <!-- Tests.TestLogIn2 -->
