<?xml version="1.0" encoding="UTF-8"?>
<!-- Generated by org.testng.reporters.JUnitReportReporter -->
<testsuite skipped="0" hostname="Julia" name="tests.TestMap" tests="1" failures="0" timestamp="06 мар 2018 23:50:07 GMT" time="19.328" errors="0">
  <testcase name="testMap" time="19.328" classname="tests.TestMap"/>
</testsuite> <!-- tests.TestMap -->
