<?xml version="1.0" encoding="UTF-8"?>
<!-- Generated by org.testng.reporters.JUnitReportReporter -->
<testsuite skipped="0" hostname="Julia" name="tests.TestRegister" tests="36" failures="0" timestamp="06 мар 2018 23:50:07 GMT" time="1763.954" errors="0">
  <testcase name="testRegistrationName" time="50.953" classname="tests.TestRegister"/>
  <testcase name="testRegistrationName" time="51.531" classname="tests.TestRegister"/>
  <testcase name="testRegistrationName" time="60.426" classname="tests.TestRegister"/>
  <testcase name="testRegistrationName" time="46.887" classname="tests.TestRegister"/>
  <testcase name="testRegistrationName" time="53.638" classname="tests.TestRegister"/>
  <testcase name="testRegistrationForm" time="4.390" classname="tests.TestRegister"/>
  <testcase name="testRegistrationName" time="59.717" classname="tests.TestRegister"/>
  <testcase name="testRegistrationName" time="52.843" classname="tests.TestRegister"/>
  <testcase name="testRegistrationName" time="44.130" classname="tests.TestRegister"/>
  <testcase name="testRegistrationName" time="63.957" classname="tests.TestRegister"/>
  <testcase name="testRegistrationForm" time="3.496" classname="tests.TestRegister"/>
  <testcase name="testRegistrationName" time="64.230" classname="tests.TestRegister"/>
  <testcase name="testRegistrationName" time="57.553" classname="tests.TestRegister"/>
  <testcase name="testRegistrationForm" time="51.233" classname="tests.TestRegister"/>
  <testcase name="testRegistrationName" time="15.328" classname="tests.TestRegister"/>
  <testcase name="testRegistrationName" time="47.674" classname="tests.TestRegister"/>
  <testcase name="testRegistrationName" time="63.661" classname="tests.TestRegister"/>
  <testcase name="testRegistrationForm" time="4.178" classname="tests.TestRegister"/>
  <testcase name="testRegistrationName" time="60.031" classname="tests.TestRegister"/>
  <testcase name="testRegistrationForm" time="4.110" classname="tests.TestRegister"/>
  <testcase name="testRegistrationName" time="56.433" classname="tests.TestRegister"/>
  <testcase name="testRegistrationName" time="51.917" classname="tests.TestRegister"/>
  <testcase name="testRegistrationName" time="61.736" classname="tests.TestRegister"/>
  <testcase name="testRegistrationName" time="66.611" classname="tests.TestRegister"/>
  <testcase name="testRegistrationForm" time="49.155" classname="tests.TestRegister"/>
  <testcase name="testRegistrationName" time="63.156" classname="tests.TestRegister"/>
  <testcase name="testRegistrationName" time="60.737" classname="tests.TestRegister"/>
  <testcase name="testRegistrationName" time="62.620" classname="tests.TestRegister"/>
  <testcase name="testRegistrationName" time="54.764" classname="tests.TestRegister"/>
  <testcase name="testRegistrationName" time="62.728" classname="tests.TestRegister"/>
  <testcase name="testRegistrationName" time="55.312" classname="tests.TestRegister"/>
  <testcase name="testRegistrationName" time="45.624" classname="tests.TestRegister"/>
  <testcase name="testRegistrationName" time="57.816" classname="tests.TestRegister"/>
  <testcase name="testRegistrationName" time="45.013" classname="tests.TestRegister"/>
  <testcase name="testRegistrationName" time="55.811" classname="tests.TestRegister"/>
  <testcase name="testRegistrationName" time="54.555" classname="tests.TestRegister"/>
</testsuite> <!-- tests.TestRegister -->
