<?xml version="1.0" encoding="UTF-8"?>
<!-- Generated by org.testng.reporters.JUnitReportReporter -->
<testsuite skipped="0" hostname="Julia" name="tests.TestRegister2" tests="3" failures="0" timestamp="05 мар 2018 21:44:38 GMT" time="109.162" errors="0">
  <testcase name="testRegistrationForm" time="50.750" classname="tests.TestRegister2"/>
  <testcase name="testRegistrationForm" time="5.234" classname="tests.TestRegister2"/>
  <testcase name="testRegistrationForm" time="53.178" classname="tests.TestRegister2"/>
</testsuite> <!-- tests.TestRegister2 -->
