<?xml version="1.0" encoding="UTF-8"?>
<!-- Generated by org.testng.reporters.JUnitReportReporter -->
<testsuite skipped="0" hostname="Julia" name="tests.LogIn" tests="7" failures="0" timestamp="22 мар 2018 10:32:56 GMT" time="51.178" errors="0">
  <testcase name="testLogIn" time="10.383" classname="tests.LogIn"/>
  <testcase name="testLogIn" time="4.261" classname="tests.LogIn"/>
  <testcase name="testLogIn" time="4.929" classname="tests.LogIn"/>
  <testcase name="testLogIn" time="9.306" classname="tests.LogIn"/>
  <testcase name="testLogIn" time="4.687" classname="tests.LogIn"/>
  <testcase name="testLogIn" time="12.249" classname="tests.LogIn"/>
  <testcase name="testLogIn" time="5.363" classname="tests.LogIn"/>
</testsuite> <!-- tests.LogIn -->
