<?xml version="1.0" encoding="UTF-8"?>
<!-- Generated by org.testng.reporters.JUnitReportReporter -->
<testsuite skipped="0" hostname="Julia" name="tests.TestLogIn" tests="7" failures="0" timestamp="06 мар 2018 23:50:07 GMT" time="92.814" errors="0">
  <testcase name="testLogIn" time="12.451" classname="tests.TestLogIn"/>
  <testcase name="testLogIn" time="14.814" classname="tests.TestLogIn"/>
  <testcase name="testLogIn" time="10.675" classname="tests.TestLogIn"/>
  <testcase name="testLogIn" time="10.298" classname="tests.TestLogIn"/>
  <testcase name="testLogIn" time="15.146" classname="tests.TestLogIn"/>
  <testcase name="testLogIn" time="14.863" classname="tests.TestLogIn"/>
  <testcase name="testLogIn" time="14.567" classname="tests.TestLogIn"/>
</testsuite> <!-- tests.TestLogIn -->
