<?xml version="1.0" encoding="UTF-8"?>
<!-- Generated by org.testng.reporters.JUnitReportReporter -->
<testsuite skipped="0" hostname="Julia" name="tests.GoInSocialNetwork" tests="2" failures="0" timestamp="22 мар 2018 10:32:56 GMT" time="20.132" errors="0">
  <testcase name="testGoToSocialNetworksWitoutLogIn" time="2.811" classname="tests.GoInSocialNetwork"/>
  <testcase name="testGoToSocialNetworks" time="17.321" classname="tests.GoInSocialNetwork"/>
</testsuite> <!-- tests.GoInSocialNetwork -->
