<?xml version="1.0" encoding="UTF-8"?>
<!-- Generated by org.testng.reporters.JUnitReportReporter -->
<testsuite skipped="0" hostname="Julia" name="tests.Map" tests="1" failures="0" timestamp="22 мар 2018 10:32:56 GMT" time="12.770" errors="0">
  <testcase name="testMap" time="12.770" classname="tests.Map"/>
</testsuite> <!-- tests.Map -->
